I, [2023-08-02T01:51:24.738430 #199669]  INFO -- : Migrating to CreateTeams (20230622094431)
I, [2023-08-02T01:51:24.748566 #199669]  INFO -- : Migrating to CreateUserTeams (20230622094548)
I, [2023-08-02T01:51:24.752662 #199669]  INFO -- : Migrating to CreateProjects (20230622094702)
I, [2023-08-02T01:51:24.758711 #199669]  INFO -- : Migrating to CreateTasks (20230622095212)
I, [2023-08-02T01:51:24.764802 #199669]  INFO -- : Migrating to CreateComments (20230622095518)
I, [2023-08-02T01:51:24.769923 #199669]  INFO -- : Migrating to CreateUserProjects (20230622095619)
I, [2023-08-02T01:51:24.775179 #199669]  INFO -- : Migrating to CreateUsers (20230622101520)
I, [2023-08-02T01:51:24.781217 #199669]  INFO -- : Migrating to AddColumnTaskIndexToTasks (20230622101902)
I, [2023-08-02T01:51:24.783359 #199669]  INFO -- : Migrating to AddColumnIndexToTaskLists (20230622151759)
I, [2023-08-02T01:53:07.003471 #199822]  INFO -- : Migrating to RemoveOwnerFromTaskLists (20230622154356)
I, [2023-08-02T01:53:47.004028 #199910]  INFO -- : Migrating to AddUserIdToTaskLists (20230622154426)
I, [2023-08-02T01:54:42.579328 #199995]  INFO -- : Migrating to RenameTaskListId (20230622155948)
I, [2023-08-02T01:54:42.586294 #199995]  INFO -- : Migrating to AddPasswordConfirmationToUsers (20230624171905)
I, [2023-08-02T01:54:42.589339 #199995]  INFO -- : Migrating to AddSessionTokenToUsers (20230714160842)
I, [2023-08-02T01:54:42.591414 #199995]  INFO -- : Migrating to ChangeTaskListsToTasklists (20230723225919)
I, [2023-08-02T01:55:24.116843 #200067]  INFO -- : Migrating to RenameTasklistIdColumnInTasks (20230723230230)
I, [2023-08-02T01:55:24.122805 #200067]  INFO -- : Migrating to AddNullColumnIndex (20230727184928)
I, [2023-08-02T01:55:47.682096 #200128]  INFO -- : Migrating to AddNullTaskIndex (20230727185114)
I, [2023-08-02T01:55:47.687366 #200128]  INFO -- : Migrating to AddAutoIncrementToTaskIndex (20230727190445)
I, [2023-08-02T01:55:47.690305 #200128]  INFO -- : Migrating to AddAutoIncrementToColumnIndex (20230727190603)
I, [2023-08-02T01:56:06.223427 #200190]  INFO -- : Migrating to AddAutoIncrementToColumnIndex (20230727190603)
I, [2023-08-02T02:08:18.249063 #202428]  INFO -- : Migrating to Tasklists (20230801230636)
I, [2023-08-02T02:24:25.024259 #206599]  INFO -- : Migrating to DropTasklists (20230801232136)
I, [2023-08-02T02:24:53.283046 #206746]  INFO -- : Migrating to CreateTasklists (20230801232254)
